<?xml version="1.0" encoding="UTF-8"?>
<testsuite xmlns:xsi="http://www.w3.org/2001/XMLSchema-instance" xsi:noNamespaceSchemaLocation="https://maven.apache.org/surefire/maven-surefire-plugin/xsd/surefire-test-report-3.0.xsd" version="3.0" name="com.syntax.runners.Runner" time="9.776" tests="14" errors="14" skipped="0" failures="0">
  <properties>
    <property name="sun.desktop" value="windows"/>
    <property name="awt.toolkit" value="sun.awt.windows.WToolkit"/>
    <property name="file.encoding.pkg" value="sun.io"/>
    <property name="java.specification.version" value="1.8"/>
    <property name="sun.cpu.isalist" value="amd64"/>
    <property name="sun.jnu.encoding" value="Cp1252"/>
    <property name="java.class.path" value="C:\Users\salamon\eclipse-workspace\codeinspectors\target\test-classes;C:\Users\salamon\eclipse-workspace\codeinspectors\target\classes;C:\Users\salamon\.m2\repository\io\cucumber\cucumber-java\4.3.0\cucumber-java-4.3.0.jar;C:\Users\salamon\.m2\repository\io\cucumber\cucumber-core\4.3.0\cucumber-core-4.3.0.jar;C:\Users\salamon\.m2\repository\io\cucumber\cucumber-html\0.2.7\cucumber-html-0.2.7.jar;C:\Users\salamon\.m2\repository\io\cucumber\gherkin\5.1.0\gherkin-5.1.0.jar;C:\Users\salamon\.m2\repository\io\cucumber\tag-expressions\1.1.1\tag-expressions-1.1.1.jar;C:\Users\salamon\.m2\repository\io\cucumber\cucumber-expressions\6.2.2\cucumber-expressions-6.2.2.jar;C:\Users\salamon\.m2\repository\io\cucumber\datatable\1.1.12\datatable-1.1.12.jar;C:\Users\salamon\.m2\repository\io\cucumber\datatable-dependencies\1.1.12\datatable-dependencies-1.1.12.jar;C:\Users\salamon\.m2\repository\io\cucumber\cucumber-junit\4.3.0\cucumber-junit-4.3.0.jar;C:\Users\salamon\.m2\repository\junit\junit\4.12\junit-4.12.jar;C:\Users\salamon\.m2\repository\org\hamcrest\hamcrest-core\1.3\hamcrest-core-1.3.jar;C:\Users\salamon\.m2\repository\org\seleniumhq\selenium\selenium-java\3.141.59\selenium-java-3.141.59.jar;C:\Users\salamon\.m2\repository\org\seleniumhq\selenium\selenium-api\3.141.59\selenium-api-3.141.59.jar;C:\Users\salamon\.m2\repository\org\seleniumhq\selenium\selenium-chrome-driver\3.141.59\selenium-chrome-driver-3.141.59.jar;C:\Users\salamon\.m2\repository\org\seleniumhq\selenium\selenium-edge-driver\3.141.59\selenium-edge-driver-3.141.59.jar;C:\Users\salamon\.m2\repository\org\seleniumhq\selenium\selenium-firefox-driver\3.141.59\selenium-firefox-driver-3.141.59.jar;C:\Users\salamon\.m2\repository\org\seleniumhq\selenium\selenium-ie-driver\3.141.59\selenium-ie-driver-3.141.59.jar;C:\Users\salamon\.m2\repository\org\seleniumhq\selenium\selenium-opera-driver\3.141.59\selenium-opera-driver-3.141.59.jar;C:\Users\salamon\.m2\repository\org\seleniumhq\selenium\selenium-remote-driver\3.141.59\selenium-remote-driver-3.141.59.jar;C:\Users\salamon\.m2\repository\org\seleniumhq\selenium\selenium-safari-driver\3.141.59\selenium-safari-driver-3.141.59.jar;C:\Users\salamon\.m2\repository\org\seleniumhq\selenium\selenium-support\3.141.59\selenium-support-3.141.59.jar;C:\Users\salamon\.m2\repository\net\bytebuddy\byte-buddy\1.8.15\byte-buddy-1.8.15.jar;C:\Users\salamon\.m2\repository\org\apache\commons\commons-exec\1.3\commons-exec-1.3.jar;C:\Users\salamon\.m2\repository\com\google\guava\guava\25.0-jre\guava-25.0-jre.jar;C:\Users\salamon\.m2\repository\com\google\code\findbugs\jsr305\1.3.9\jsr305-1.3.9.jar;C:\Users\salamon\.m2\repository\org\checkerframework\checker-compat-qual\2.0.0\checker-compat-qual-2.0.0.jar;C:\Users\salamon\.m2\repository\com\google\errorprone\error_prone_annotations\2.1.3\error_prone_annotations-2.1.3.jar;C:\Users\salamon\.m2\repository\com\google\j2objc\j2objc-annotations\1.1\j2objc-annotations-1.1.jar;C:\Users\salamon\.m2\repository\org\codehaus\mojo\animal-sniffer-annotations\1.14\animal-sniffer-annotations-1.14.jar;C:\Users\salamon\.m2\repository\com\squareup\okhttp3\okhttp\3.11.0\okhttp-3.11.0.jar;C:\Users\salamon\.m2\repository\com\squareup\okio\okio\1.14.0\okio-1.14.0.jar;C:\Users\salamon\.m2\repository\commons-io\commons-io\2.6\commons-io-2.6.jar;C:\Users\salamon\.m2\repository\org\apache\poi\poi-ooxml\4.1.0\poi-ooxml-4.1.0.jar;C:\Users\salamon\.m2\repository\org\apache\poi\poi\4.1.0\poi-4.1.0.jar;C:\Users\salamon\.m2\repository\commons-codec\commons-codec\1.12\commons-codec-1.12.jar;C:\Users\salamon\.m2\repository\org\apache\commons\commons-collections4\4.3\commons-collections4-4.3.jar;C:\Users\salamon\.m2\repository\org\apache\commons\commons-math3\3.6.1\commons-math3-3.6.1.jar;C:\Users\salamon\.m2\repository\org\apache\poi\poi-ooxml-schemas\4.1.0\poi-ooxml-schemas-4.1.0.jar;C:\Users\salamon\.m2\repository\org\apache\xmlbeans\xmlbeans\3.1.0\xmlbeans-3.1.0.jar;C:\Users\salamon\.m2\repository\org\apache\commons\commons-compress\1.18\commons-compress-1.18.jar;C:\Users\salamon\.m2\repository\com\github\virtuald\curvesapi\1.06\curvesapi-1.06.jar;C:\Users\salamon\.m2\repository\net\masterthought\cucumber-reporting\4.11.2\cucumber-reporting-4.11.2.jar;C:\Users\salamon\.m2\repository\com\fasterxml\jackson\core\jackson-databind\2.9.9.3\jackson-databind-2.9.9.3.jar;C:\Users\salamon\.m2\repository\com\fasterxml\jackson\core\jackson-annotations\2.9.0\jackson-annotations-2.9.0.jar;C:\Users\salamon\.m2\repository\com\fasterxml\jackson\core\jackson-core\2.9.9\jackson-core-2.9.9.jar;C:\Users\salamon\.m2\repository\org\apache\velocity\velocity\1.7\velocity-1.7.jar;C:\Users\salamon\.m2\repository\commons-lang\commons-lang\2.4\commons-lang-2.4.jar;C:\Users\salamon\.m2\repository\commons-collections\commons-collections\3.2.2\commons-collections-3.2.2.jar;C:\Users\salamon\.m2\repository\velocity-tools\velocity-tools\1.4\velocity-tools-1.4.jar;C:\Users\salamon\.m2\repository\joda-time\joda-time\2.10.2\joda-time-2.10.2.jar;C:\Users\salamon\.m2\repository\org\apache\commons\commons-lang3\3.9\commons-lang3-3.9.jar;C:\Users\salamon\.m2\repository\org\codehaus\plexus\plexus-utils\3.2.0\plexus-utils-3.2.0.jar;C:\Users\salamon\.m2\repository\org\jsoup\jsoup\1.12.1\jsoup-1.12.1.jar;C:\Users\salamon\.m2\repository\com\googlecode\owasp-java-html-sanitizer\owasp-java-html-sanitizer\20190610.1\owasp-java-html-sanitizer-20190610.1.jar;C:\Users\salamon\.m2\repository\commons-configuration\commons-configuration\1.10\commons-configuration-1.10.jar;C:\Users\salamon\.m2\repository\commons-logging\commons-logging\1.1.1\commons-logging-1.1.1.jar;"/>
    <property name="java.vm.vendor" value="Oracle Corporation"/>
    <property name="sun.arch.data.model" value="64"/>
    <property name="user.variant" value=""/>
    <property name="java.vendor.url" value="http://java.oracle.com/"/>
    <property name="user.timezone" value="America/New_York"/>
    <property name="java.vm.specification.version" value="1.8"/>
    <property name="os.name" value="Windows 10"/>
    <property name="user.country" value="US"/>
    <property name="sun.java.launcher" value="SUN_STANDARD"/>
    <property name="sun.boot.library.path" value="C:\Program Files\Java\jdk1.8.0_211\jre\bin"/>
    <property name="sun.java.command" value="C:\Users\salamon\AppData\Local\Temp\surefire3386541365721514866\surefirebooter1889192458083412863.jar C:\Users\salamon\AppData\Local\Temp\surefire3386541365721514866 2020-06-13T21-34-23_694-jvmRun1 surefire4317899898016243624tmp surefire_05547063737750513405tmp"/>
    <property name="surefire.test.class.path" value="C:\Users\salamon\eclipse-workspace\codeinspectors\target\test-classes;C:\Users\salamon\eclipse-workspace\codeinspectors\target\classes;C:\Users\salamon\.m2\repository\io\cucumber\cucumber-java\4.3.0\cucumber-java-4.3.0.jar;C:\Users\salamon\.m2\repository\io\cucumber\cucumber-core\4.3.0\cucumber-core-4.3.0.jar;C:\Users\salamon\.m2\repository\io\cucumber\cucumber-html\0.2.7\cucumber-html-0.2.7.jar;C:\Users\salamon\.m2\repository\io\cucumber\gherkin\5.1.0\gherkin-5.1.0.jar;C:\Users\salamon\.m2\repository\io\cucumber\tag-expressions\1.1.1\tag-expressions-1.1.1.jar;C:\Users\salamon\.m2\repository\io\cucumber\cucumber-expressions\6.2.2\cucumber-expressions-6.2.2.jar;C:\Users\salamon\.m2\repository\io\cucumber\datatable\1.1.12\datatable-1.1.12.jar;C:\Users\salamon\.m2\repository\io\cucumber\datatable-dependencies\1.1.12\datatable-dependencies-1.1.12.jar;C:\Users\salamon\.m2\repository\io\cucumber\cucumber-junit\4.3.0\cucumber-junit-4.3.0.jar;C:\Users\salamon\.m2\repository\junit\junit\4.12\junit-4.12.jar;C:\Users\salamon\.m2\repository\org\hamcrest\hamcrest-core\1.3\hamcrest-core-1.3.jar;C:\Users\salamon\.m2\repository\org\seleniumhq\selenium\selenium-java\3.141.59\selenium-java-3.141.59.jar;C:\Users\salamon\.m2\repository\org\seleniumhq\selenium\selenium-api\3.141.59\selenium-api-3.141.59.jar;C:\Users\salamon\.m2\repository\org\seleniumhq\selenium\selenium-chrome-driver\3.141.59\selenium-chrome-driver-3.141.59.jar;C:\Users\salamon\.m2\repository\org\seleniumhq\selenium\selenium-edge-driver\3.141.59\selenium-edge-driver-3.141.59.jar;C:\Users\salamon\.m2\repository\org\seleniumhq\selenium\selenium-firefox-driver\3.141.59\selenium-firefox-driver-3.141.59.jar;C:\Users\salamon\.m2\repository\org\seleniumhq\selenium\selenium-ie-driver\3.141.59\selenium-ie-driver-3.141.59.jar;C:\Users\salamon\.m2\repository\org\seleniumhq\selenium\selenium-opera-driver\3.141.59\selenium-opera-driver-3.141.59.jar;C:\Users\salamon\.m2\repository\org\seleniumhq\selenium\selenium-remote-driver\3.141.59\selenium-remote-driver-3.141.59.jar;C:\Users\salamon\.m2\repository\org\seleniumhq\selenium\selenium-safari-driver\3.141.59\selenium-safari-driver-3.141.59.jar;C:\Users\salamon\.m2\repository\org\seleniumhq\selenium\selenium-support\3.141.59\selenium-support-3.141.59.jar;C:\Users\salamon\.m2\repository\net\bytebuddy\byte-buddy\1.8.15\byte-buddy-1.8.15.jar;C:\Users\salamon\.m2\repository\org\apache\commons\commons-exec\1.3\commons-exec-1.3.jar;C:\Users\salamon\.m2\repository\com\google\guava\guava\25.0-jre\guava-25.0-jre.jar;C:\Users\salamon\.m2\repository\com\google\code\findbugs\jsr305\1.3.9\jsr305-1.3.9.jar;C:\Users\salamon\.m2\repository\org\checkerframework\checker-compat-qual\2.0.0\checker-compat-qual-2.0.0.jar;C:\Users\salamon\.m2\repository\com\google\errorprone\error_prone_annotations\2.1.3\error_prone_annotations-2.1.3.jar;C:\Users\salamon\.m2\repository\com\google\j2objc\j2objc-annotations\1.1\j2objc-annotations-1.1.jar;C:\Users\salamon\.m2\repository\org\codehaus\mojo\animal-sniffer-annotations\1.14\animal-sniffer-annotations-1.14.jar;C:\Users\salamon\.m2\repository\com\squareup\okhttp3\okhttp\3.11.0\okhttp-3.11.0.jar;C:\Users\salamon\.m2\repository\com\squareup\okio\okio\1.14.0\okio-1.14.0.jar;C:\Users\salamon\.m2\repository\commons-io\commons-io\2.6\commons-io-2.6.jar;C:\Users\salamon\.m2\repository\org\apache\poi\poi-ooxml\4.1.0\poi-ooxml-4.1.0.jar;C:\Users\salamon\.m2\repository\org\apache\poi\poi\4.1.0\poi-4.1.0.jar;C:\Users\salamon\.m2\repository\commons-codec\commons-codec\1.12\commons-codec-1.12.jar;C:\Users\salamon\.m2\repository\org\apache\commons\commons-collections4\4.3\commons-collections4-4.3.jar;C:\Users\salamon\.m2\repository\org\apache\commons\commons-math3\3.6.1\commons-math3-3.6.1.jar;C:\Users\salamon\.m2\repository\org\apache\poi\poi-ooxml-schemas\4.1.0\poi-ooxml-schemas-4.1.0.jar;C:\Users\salamon\.m2\repository\org\apache\xmlbeans\xmlbeans\3.1.0\xmlbeans-3.1.0.jar;C:\Users\salamon\.m2\repository\org\apache\commons\commons-compress\1.18\commons-compress-1.18.jar;C:\Users\salamon\.m2\repository\com\github\virtuald\curvesapi\1.06\curvesapi-1.06.jar;C:\Users\salamon\.m2\repository\net\masterthought\cucumber-reporting\4.11.2\cucumber-reporting-4.11.2.jar;C:\Users\salamon\.m2\repository\com\fasterxml\jackson\core\jackson-databind\2.9.9.3\jackson-databind-2.9.9.3.jar;C:\Users\salamon\.m2\repository\com\fasterxml\jackson\core\jackson-annotations\2.9.0\jackson-annotations-2.9.0.jar;C:\Users\salamon\.m2\repository\com\fasterxml\jackson\core\jackson-core\2.9.9\jackson-core-2.9.9.jar;C:\Users\salamon\.m2\repository\org\apache\velocity\velocity\1.7\velocity-1.7.jar;C:\Users\salamon\.m2\repository\commons-lang\commons-lang\2.4\commons-lang-2.4.jar;C:\Users\salamon\.m2\repository\commons-collections\commons-collections\3.2.2\commons-collections-3.2.2.jar;C:\Users\salamon\.m2\repository\velocity-tools\velocity-tools\1.4\velocity-tools-1.4.jar;C:\Users\salamon\.m2\repository\joda-time\joda-time\2.10.2\joda-time-2.10.2.jar;C:\Users\salamon\.m2\repository\org\apache\commons\commons-lang3\3.9\commons-lang3-3.9.jar;C:\Users\salamon\.m2\repository\org\codehaus\plexus\plexus-utils\3.2.0\plexus-utils-3.2.0.jar;C:\Users\salamon\.m2\repository\org\jsoup\jsoup\1.12.1\jsoup-1.12.1.jar;C:\Users\salamon\.m2\repository\com\googlecode\owasp-java-html-sanitizer\owasp-java-html-sanitizer\20190610.1\owasp-java-html-sanitizer-20190610.1.jar;C:\Users\salamon\.m2\repository\commons-configuration\commons-configuration\1.10\commons-configuration-1.10.jar;C:\Users\salamon\.m2\repository\commons-logging\commons-logging\1.1.1\commons-logging-1.1.1.jar;"/>
    <property name="sun.cpu.endian" value="little"/>
    <property name="user.home" value="C:\Users\salamon"/>
    <property name="user.language" value="en"/>
    <property name="java.specification.vendor" value="Oracle Corporation"/>
    <property name="java.home" value="C:\Program Files\Java\jdk1.8.0_211\jre"/>
    <property name="basedir" value="C:\Users\salamon\eclipse-workspace\codeinspectors"/>
    <property name="file.separator" value="\"/>
    <property name="line.separator" value="&#10;"/>
    <property name="java.vm.specification.vendor" value="Oracle Corporation"/>
    <property name="java.specification.name" value="Java Platform API Specification"/>
    <property name="java.awt.graphicsenv" value="sun.awt.Win32GraphicsEnvironment"/>
    <property name="surefire.real.class.path" value="C:\Users\salamon\AppData\Local\Temp\surefire3386541365721514866\surefirebooter1889192458083412863.jar"/>
    <property name="sun.boot.class.path" value="C:\Program Files\Java\jdk1.8.0_211\jre\lib\resources.jar;C:\Program Files\Java\jdk1.8.0_211\jre\lib\rt.jar;C:\Program Files\Java\jdk1.8.0_211\jre\lib\sunrsasign.jar;C:\Program Files\Java\jdk1.8.0_211\jre\lib\jsse.jar;C:\Program Files\Java\jdk1.8.0_211\jre\lib\jce.jar;C:\Program Files\Java\jdk1.8.0_211\jre\lib\charsets.jar;C:\Program Files\Java\jdk1.8.0_211\jre\lib\jfr.jar;C:\Program Files\Java\jdk1.8.0_211\jre\classes"/>
    <property name="user.script" value=""/>
    <property name="sun.management.compiler" value="HotSpot 64-Bit Tiered Compilers"/>
    <property name="java.runtime.version" value="1.8.0_211-b12"/>
    <property name="user.name" value="salamon"/>
    <property name="path.separator" value=";"/>
    <property name="os.version" value="10.0"/>
    <property name="java.endorsed.dirs" value="C:\Program Files\Java\jdk1.8.0_211\jre\lib\endorsed"/>
    <property name="java.runtime.name" value="Java(TM) SE Runtime Environment"/>
    <property name="file.encoding" value="Cp1252"/>
    <property name="java.vm.name" value="Java HotSpot(TM) 64-Bit Server VM"/>
    <property name="localRepository" value="C:\Users\salamon\.m2\repository"/>
    <property name="java.vendor.url.bug" value="http://bugreport.sun.com/bugreport/"/>
    <property name="java.io.tmpdir" value="C:\Users\salamon\AppData\Local\Temp\"/>
    <property name="java.version" value="1.8.0_211"/>
    <property name="user.dir" value="C:\Users\salamon\eclipse-workspace\codeinspectors"/>
    <property name="os.arch" value="amd64"/>
    <property name="java.vm.specification.name" value="Java Virtual Machine Specification"/>
    <property name="java.awt.printerjob" value="sun.awt.windows.WPrinterJob"/>
    <property name="sun.os.patch.level" value=""/>
    <property name="java.library.path" value="C:\Program Files\Java\jdk1.8.0_211\jre\bin;C:\WINDOWS\Sun\Java\bin;C:\WINDOWS\system32;C:\WINDOWS;C:\Users\salamon\bin;C:\Program Files\Git\mingw64\bin;C:\Program Files\Git\usr\local\bin;C:\Program Files\Git\usr\bin;C:\Program Files\Git\usr\bin;C:\Program Files\Git\mingw64\bin;C:\Program Files\Git\usr\bin;C:\Users\salamon\bin;C:\Program Files (x86)\Common Files\Oracle\Java\javapath;C:\Windows\system32;C:\Windows;C:\Windows\System32\Wbem;C:\Windows\System32\WindowsPowerShell\v1.0;C:\Windows\System32\OpenSSH;C:\Program Files (x86)\NVIDIA Corporation\PhysX\Common;C:\WINDOWS\system32;C:\WINDOWS;C:\WINDOWS\System32\Wbem;C:\WINDOWS\System32\WindowsPowerShell\v1.0;C:\WINDOWS\System32\OpenSSH;C:\Program Files\Git\cmd;C:\JAVA_APP\apache-maven-3.6.3\bin;C:\Program Files\Java\jdk1.8.0_211\bin;C:\Program Files\Microsoft SQL Server\130\Tools\Binn;C:\Program Files\nodejs;C:\Program Files (x86)\Intel\Intel(R) Management Engine Components\DAL;C:\Program Files\Intel\Intel(R) Management Engine Components\DAL;C:\Users\salamon\AppData\Local\Microsoft\WindowsApps;C:\Program Files\Java\jre1.8.0_211\bin;C:\Users\salamon\AppData\Local\Programs\Microsoft VS Code\bin;C:\Users\salamon\AppData\Roaming\npm;C:\Program Files\Git\usr\bin\vendor_perl;C:\Program Files\Git\usr\bin\core_perl;."/>
    <property name="java.vm.info" value="mixed mode"/>
    <property name="java.vendor" value="Oracle Corporation"/>
    <property name="java.vm.version" value="25.211-b12"/>
    <property name="java.ext.dirs" value="C:\Program Files\Java\jdk1.8.0_211\jre\lib\ext;C:\WINDOWS\Sun\Java\lib\ext"/>
    <property name="sun.io.unicode.encoding" value="UnicodeLittle"/>
    <property name="java.class.version" value="52.0"/>
  </properties>
  <testcase name="Modify Contact Details" classname="Contact Details" time="2.125">
    <error message="session not created: This version of ChromeDriver only supports Chrome version 79&#10;Build info: version: &apos;3.141.59&apos;, revision: &apos;e82be7d358&apos;, time: &apos;2018-11-14T08:17:03&apos;&#10;System info: host: &apos;DESKTOP-ODFPRUL&apos;, ip: &apos;192.168.0.6&apos;, os.name: &apos;Windows 10&apos;, os.arch: &apos;amd64&apos;, os.version: &apos;10.0&apos;, java.version: &apos;1.8.0_211&apos;&#10;Driver info: driver.version: ChromeDriver&#10;remote stacktrace: Backtrace:&#10;	Ordinal0 [0x0051A113+1548563]&#10;	Ordinal0 [0x0049DDA1+1039777]&#10;	Ordinal0 [0x0041E485+517253]&#10;	Ordinal0 [0x003AFD34+64820]&#10;	Ordinal0 [0x003AC61E+50718]&#10;	Ordinal0 [0x003CB797+178071]&#10;	Ordinal0 [0x003CB59D+177565]&#10;	Ordinal0 [0x003C95FB+169467]&#10;	Ordinal0 [0x003B160A+71178]&#10;	Ordinal0 [0x003B2690+75408]&#10;	Ordinal0 [0x003B2629+75305]&#10;	Ordinal0 [0x004B71B7+1143223]&#10;	GetHandleVerifier [0x005B2B46+507814]&#10;	GetHandleVerifier [0x005B2864+507076]&#10;	GetHandleVerifier [0x005B9F47+537511]&#10;	GetHandleVerifier [0x005B3402+510050]&#10;	Ordinal0 [0x004AF29C+1110684]&#10;	Ordinal0 [0x004B938B+1151883]&#10;	Ordinal0 [0x004B94F3+1152243]&#10;	Ordinal0 [0x004B83F5+1147893]&#10;	BaseThreadInitThunk [0x76896359+25]&#10;	RtlGetAppContainerNamedObjectPath [0x77C17C24+228]&#10;	RtlGetAppContainerNamedObjectPath [0x77C17BF4+180]&#10;" type="org.openqa.selenium.SessionNotCreatedException"><![CDATA[org.openqa.selenium.SessionNotCreatedException: 
session not created: This version of ChromeDriver only supports Chrome version 79
Build info: version: '3.141.59', revision: 'e82be7d358', time: '2018-11-14T08:17:03'
System info: host: 'DESKTOP-ODFPRUL', ip: '192.168.0.6', os.name: 'Windows 10', os.arch: 'amd64', os.version: '10.0', java.version: '1.8.0_211'
Driver info: driver.version: ChromeDriver
remote stacktrace: Backtrace:
	Ordinal0 [0x0051A113+1548563]
	Ordinal0 [0x0049DDA1+1039777]
	Ordinal0 [0x0041E485+517253]
	Ordinal0 [0x003AFD34+64820]
	Ordinal0 [0x003AC61E+50718]
	Ordinal0 [0x003CB797+178071]
	Ordinal0 [0x003CB59D+177565]
	Ordinal0 [0x003C95FB+169467]
	Ordinal0 [0x003B160A+71178]
	Ordinal0 [0x003B2690+75408]
	Ordinal0 [0x003B2629+75305]
	Ordinal0 [0x004B71B7+1143223]
	GetHandleVerifier [0x005B2B46+507814]
	GetHandleVerifier [0x005B2864+507076]
	GetHandleVerifier [0x005B9F47+537511]
	GetHandleVerifier [0x005B3402+510050]
	Ordinal0 [0x004AF29C+1110684]
	Ordinal0 [0x004B938B+1151883]
	Ordinal0 [0x004B94F3+1152243]
	Ordinal0 [0x004B83F5+1147893]
	BaseThreadInitThunk [0x76896359+25]
	RtlGetAppContainerNamedObjectPath [0x77C17C24+228]
	RtlGetAppContainerNamedObjectPath [0x77C17BF4+180]

]]></error>
    <system-out><![CDATA[Starting scenario Modify Contact Details
Ending scenario Modify Contact Details
]]></system-out>
    <system-err><![CDATA[Starting ChromeDriver 79.0.3945.36 (3582db32b33893869b8c1339e8f4d9ed1816f143-refs/branch-heads/3945@{#614}) on port 42162
Only local connections are allowed.
Please protect ports used by ChromeDriver and related test frameworks to prevent access by malicious code.
]]></system-err>
  </testcase>
  <testcase name="Modify Contact Details" classname="Contact Details" time="2.125">
    <error type="java.lang.NullPointerException"><![CDATA[java.lang.NullPointerException
]]></error>
  </testcase>
  <testcase name="Add Employee Dependents" classname="Add Employee Dependents" time="1.101">
    <error message="session not created: This version of ChromeDriver only supports Chrome version 79&#10;Build info: version: &apos;3.141.59&apos;, revision: &apos;e82be7d358&apos;, time: &apos;2018-11-14T08:17:03&apos;&#10;System info: host: &apos;DESKTOP-ODFPRUL&apos;, ip: &apos;192.168.0.6&apos;, os.name: &apos;Windows 10&apos;, os.arch: &apos;amd64&apos;, os.version: &apos;10.0&apos;, java.version: &apos;1.8.0_211&apos;&#10;Driver info: driver.version: ChromeDriver&#10;remote stacktrace: Backtrace:&#10;	Ordinal0 [0x0051A113+1548563]&#10;	Ordinal0 [0x0049DDA1+1039777]&#10;	Ordinal0 [0x0041E485+517253]&#10;	Ordinal0 [0x003AFD34+64820]&#10;	Ordinal0 [0x003AC61E+50718]&#10;	Ordinal0 [0x003CB797+178071]&#10;	Ordinal0 [0x003CB59D+177565]&#10;	Ordinal0 [0x003C95FB+169467]&#10;	Ordinal0 [0x003B160A+71178]&#10;	Ordinal0 [0x003B2690+75408]&#10;	Ordinal0 [0x003B2629+75305]&#10;	Ordinal0 [0x004B71B7+1143223]&#10;	GetHandleVerifier [0x005B2B46+507814]&#10;	GetHandleVerifier [0x005B2864+507076]&#10;	GetHandleVerifier [0x005B9F47+537511]&#10;	GetHandleVerifier [0x005B3402+510050]&#10;	Ordinal0 [0x004AF29C+1110684]&#10;	Ordinal0 [0x004B938B+1151883]&#10;	Ordinal0 [0x004B94F3+1152243]&#10;	Ordinal0 [0x004B83F5+1147893]&#10;	BaseThreadInitThunk [0x76896359+25]&#10;	RtlGetAppContainerNamedObjectPath [0x77C17C24+228]&#10;	RtlGetAppContainerNamedObjectPath [0x77C17BF4+180]&#10;" type="org.openqa.selenium.SessionNotCreatedException"><![CDATA[org.openqa.selenium.SessionNotCreatedException: 
session not created: This version of ChromeDriver only supports Chrome version 79
Build info: version: '3.141.59', revision: 'e82be7d358', time: '2018-11-14T08:17:03'
System info: host: 'DESKTOP-ODFPRUL', ip: '192.168.0.6', os.name: 'Windows 10', os.arch: 'amd64', os.version: '10.0', java.version: '1.8.0_211'
Driver info: driver.version: ChromeDriver
remote stacktrace: Backtrace:
	Ordinal0 [0x0051A113+1548563]
	Ordinal0 [0x0049DDA1+1039777]
	Ordinal0 [0x0041E485+517253]
	Ordinal0 [0x003AFD34+64820]
	Ordinal0 [0x003AC61E+50718]
	Ordinal0 [0x003CB797+178071]
	Ordinal0 [0x003CB59D+177565]
	Ordinal0 [0x003C95FB+169467]
	Ordinal0 [0x003B160A+71178]
	Ordinal0 [0x003B2690+75408]
	Ordinal0 [0x003B2629+75305]
	Ordinal0 [0x004B71B7+1143223]
	GetHandleVerifier [0x005B2B46+507814]
	GetHandleVerifier [0x005B2864+507076]
	GetHandleVerifier [0x005B9F47+537511]
	GetHandleVerifier [0x005B3402+510050]
	Ordinal0 [0x004AF29C+1110684]
	Ordinal0 [0x004B938B+1151883]
	Ordinal0 [0x004B94F3+1152243]
	Ordinal0 [0x004B83F5+1147893]
	BaseThreadInitThunk [0x76896359+25]
	RtlGetAppContainerNamedObjectPath [0x77C17C24+228]
	RtlGetAppContainerNamedObjectPath [0x77C17BF4+180]

]]></error>
    <system-out><![CDATA[Starting scenario Add Employee Dependents
Ending scenario Add Employee Dependents
]]></system-out>
    <system-err><![CDATA[Starting ChromeDriver 79.0.3945.36 (3582db32b33893869b8c1339e8f4d9ed1816f143-refs/branch-heads/3945@{#614}) on port 2935
Only local connections are allowed.
Please protect ports used by ChromeDriver and related test frameworks to prevent access by malicious code.
]]></system-err>
  </testcase>
  <testcase name="Add Employee Dependents" classname="Add Employee Dependents" time="1.101">
    <error type="java.lang.NullPointerException"><![CDATA[java.lang.NullPointerException
]]></error>
  </testcase>
  <testcase name="Modify personal Details" classname="Personal Details" time="1.142">
    <error message="session not created: This version of ChromeDriver only supports Chrome version 79&#10;Build info: version: &apos;3.141.59&apos;, revision: &apos;e82be7d358&apos;, time: &apos;2018-11-14T08:17:03&apos;&#10;System info: host: &apos;DESKTOP-ODFPRUL&apos;, ip: &apos;192.168.0.6&apos;, os.name: &apos;Windows 10&apos;, os.arch: &apos;amd64&apos;, os.version: &apos;10.0&apos;, java.version: &apos;1.8.0_211&apos;&#10;Driver info: driver.version: ChromeDriver&#10;remote stacktrace: Backtrace:&#10;	Ordinal0 [0x0051A113+1548563]&#10;	Ordinal0 [0x0049DDA1+1039777]&#10;	Ordinal0 [0x0041E485+517253]&#10;	Ordinal0 [0x003AFD34+64820]&#10;	Ordinal0 [0x003AC61E+50718]&#10;	Ordinal0 [0x003CB797+178071]&#10;	Ordinal0 [0x003CB59D+177565]&#10;	Ordinal0 [0x003C95FB+169467]&#10;	Ordinal0 [0x003B160A+71178]&#10;	Ordinal0 [0x003B2690+75408]&#10;	Ordinal0 [0x003B2629+75305]&#10;	Ordinal0 [0x004B71B7+1143223]&#10;	GetHandleVerifier [0x005B2B46+507814]&#10;	GetHandleVerifier [0x005B2864+507076]&#10;	GetHandleVerifier [0x005B9F47+537511]&#10;	GetHandleVerifier [0x005B3402+510050]&#10;	Ordinal0 [0x004AF29C+1110684]&#10;	Ordinal0 [0x004B938B+1151883]&#10;	Ordinal0 [0x004B94F3+1152243]&#10;	Ordinal0 [0x004B83F5+1147893]&#10;	BaseThreadInitThunk [0x76896359+25]&#10;	RtlGetAppContainerNamedObjectPath [0x77C17C24+228]&#10;	RtlGetAppContainerNamedObjectPath [0x77C17BF4+180]&#10;" type="org.openqa.selenium.SessionNotCreatedException"><![CDATA[org.openqa.selenium.SessionNotCreatedException: 
session not created: This version of ChromeDriver only supports Chrome version 79
Build info: version: '3.141.59', revision: 'e82be7d358', time: '2018-11-14T08:17:03'
System info: host: 'DESKTOP-ODFPRUL', ip: '192.168.0.6', os.name: 'Windows 10', os.arch: 'amd64', os.version: '10.0', java.version: '1.8.0_211'
Driver info: driver.version: ChromeDriver
remote stacktrace: Backtrace:
	Ordinal0 [0x0051A113+1548563]
	Ordinal0 [0x0049DDA1+1039777]
	Ordinal0 [0x0041E485+517253]
	Ordinal0 [0x003AFD34+64820]
	Ordinal0 [0x003AC61E+50718]
	Ordinal0 [0x003CB797+178071]
	Ordinal0 [0x003CB59D+177565]
	Ordinal0 [0x003C95FB+169467]
	Ordinal0 [0x003B160A+71178]
	Ordinal0 [0x003B2690+75408]
	Ordinal0 [0x003B2629+75305]
	Ordinal0 [0x004B71B7+1143223]
	GetHandleVerifier [0x005B2B46+507814]
	GetHandleVerifier [0x005B2864+507076]
	GetHandleVerifier [0x005B9F47+537511]
	GetHandleVerifier [0x005B3402+510050]
	Ordinal0 [0x004AF29C+1110684]
	Ordinal0 [0x004B938B+1151883]
	Ordinal0 [0x004B94F3+1152243]
	Ordinal0 [0x004B83F5+1147893]
	BaseThreadInitThunk [0x76896359+25]
	RtlGetAppContainerNamedObjectPath [0x77C17C24+228]
	RtlGetAppContainerNamedObjectPath [0x77C17BF4+180]

]]></error>
    <system-out><![CDATA[Starting scenario Modify personal Details
Ending scenario Modify personal Details
]]></system-out>
    <system-err><![CDATA[Starting ChromeDriver 79.0.3945.36 (3582db32b33893869b8c1339e8f4d9ed1816f143-refs/branch-heads/3945@{#614}) on port 33839
Only local connections are allowed.
Please protect ports used by ChromeDriver and related test frameworks to prevent access by malicious code.
]]></system-err>
  </testcase>
  <testcase name="Modify personal Details" classname="Personal Details" time="1.142">
    <error type="java.lang.NullPointerException"><![CDATA[java.lang.NullPointerException
]]></error>
  </testcase>
  <testcase name="Adding qualifications" classname="Add employee&apos;s qualifications" time="1.131">
    <error message="session not created: This version of ChromeDriver only supports Chrome version 79&#10;Build info: version: &apos;3.141.59&apos;, revision: &apos;e82be7d358&apos;, time: &apos;2018-11-14T08:17:03&apos;&#10;System info: host: &apos;DESKTOP-ODFPRUL&apos;, ip: &apos;192.168.0.6&apos;, os.name: &apos;Windows 10&apos;, os.arch: &apos;amd64&apos;, os.version: &apos;10.0&apos;, java.version: &apos;1.8.0_211&apos;&#10;Driver info: driver.version: ChromeDriver&#10;remote stacktrace: Backtrace:&#10;	Ordinal0 [0x0051A113+1548563]&#10;	Ordinal0 [0x0049DDA1+1039777]&#10;	Ordinal0 [0x0041E485+517253]&#10;	Ordinal0 [0x003AFD34+64820]&#10;	Ordinal0 [0x003AC61E+50718]&#10;	Ordinal0 [0x003CB797+178071]&#10;	Ordinal0 [0x003CB59D+177565]&#10;	Ordinal0 [0x003C95FB+169467]&#10;	Ordinal0 [0x003B160A+71178]&#10;	Ordinal0 [0x003B2690+75408]&#10;	Ordinal0 [0x003B2629+75305]&#10;	Ordinal0 [0x004B71B7+1143223]&#10;	GetHandleVerifier [0x005B2B46+507814]&#10;	GetHandleVerifier [0x005B2864+507076]&#10;	GetHandleVerifier [0x005B9F47+537511]&#10;	GetHandleVerifier [0x005B3402+510050]&#10;	Ordinal0 [0x004AF29C+1110684]&#10;	Ordinal0 [0x004B938B+1151883]&#10;	Ordinal0 [0x004B94F3+1152243]&#10;	Ordinal0 [0x004B83F5+1147893]&#10;	BaseThreadInitThunk [0x76896359+25]&#10;	RtlGetAppContainerNamedObjectPath [0x77C17C24+228]&#10;	RtlGetAppContainerNamedObjectPath [0x77C17BF4+180]&#10;" type="org.openqa.selenium.SessionNotCreatedException"><![CDATA[org.openqa.selenium.SessionNotCreatedException: 
session not created: This version of ChromeDriver only supports Chrome version 79
Build info: version: '3.141.59', revision: 'e82be7d358', time: '2018-11-14T08:17:03'
System info: host: 'DESKTOP-ODFPRUL', ip: '192.168.0.6', os.name: 'Windows 10', os.arch: 'amd64', os.version: '10.0', java.version: '1.8.0_211'
Driver info: driver.version: ChromeDriver
remote stacktrace: Backtrace:
	Ordinal0 [0x0051A113+1548563]
	Ordinal0 [0x0049DDA1+1039777]
	Ordinal0 [0x0041E485+517253]
	Ordinal0 [0x003AFD34+64820]
	Ordinal0 [0x003AC61E+50718]
	Ordinal0 [0x003CB797+178071]
	Ordinal0 [0x003CB59D+177565]
	Ordinal0 [0x003C95FB+169467]
	Ordinal0 [0x003B160A+71178]
	Ordinal0 [0x003B2690+75408]
	Ordinal0 [0x003B2629+75305]
	Ordinal0 [0x004B71B7+1143223]
	GetHandleVerifier [0x005B2B46+507814]
	GetHandleVerifier [0x005B2864+507076]
	GetHandleVerifier [0x005B9F47+537511]
	GetHandleVerifier [0x005B3402+510050]
	Ordinal0 [0x004AF29C+1110684]
	Ordinal0 [0x004B938B+1151883]
	Ordinal0 [0x004B94F3+1152243]
	Ordinal0 [0x004B83F5+1147893]
	BaseThreadInitThunk [0x76896359+25]
	RtlGetAppContainerNamedObjectPath [0x77C17C24+228]
	RtlGetAppContainerNamedObjectPath [0x77C17BF4+180]

]]></error>
    <system-out><![CDATA[Starting scenario Adding qualifications
Ending scenario Adding qualifications
]]></system-out>
    <system-err><![CDATA[Starting ChromeDriver 79.0.3945.36 (3582db32b33893869b8c1339e8f4d9ed1816f143-refs/branch-heads/3945@{#614}) on port 31164
Only local connections are allowed.
Please protect ports used by ChromeDriver and related test frameworks to prevent access by malicious code.
]]></system-err>
  </testcase>
  <testcase name="Adding qualifications" classname="Add employee&apos;s qualifications" time="1.131">
    <error type="java.lang.NullPointerException"><![CDATA[java.lang.NullPointerException
]]></error>
  </testcase>
  <testcase name="Add Employee Salary Details" classname="Enter Salary Components" time="1.127">
    <error message="session not created: This version of ChromeDriver only supports Chrome version 79&#10;Build info: version: &apos;3.141.59&apos;, revision: &apos;e82be7d358&apos;, time: &apos;2018-11-14T08:17:03&apos;&#10;System info: host: &apos;DESKTOP-ODFPRUL&apos;, ip: &apos;192.168.0.6&apos;, os.name: &apos;Windows 10&apos;, os.arch: &apos;amd64&apos;, os.version: &apos;10.0&apos;, java.version: &apos;1.8.0_211&apos;&#10;Driver info: driver.version: ChromeDriver&#10;remote stacktrace: Backtrace:&#10;	Ordinal0 [0x0051A113+1548563]&#10;	Ordinal0 [0x0049DDA1+1039777]&#10;	Ordinal0 [0x0041E485+517253]&#10;	Ordinal0 [0x003AFD34+64820]&#10;	Ordinal0 [0x003AC61E+50718]&#10;	Ordinal0 [0x003CB797+178071]&#10;	Ordinal0 [0x003CB59D+177565]&#10;	Ordinal0 [0x003C95FB+169467]&#10;	Ordinal0 [0x003B160A+71178]&#10;	Ordinal0 [0x003B2690+75408]&#10;	Ordinal0 [0x003B2629+75305]&#10;	Ordinal0 [0x004B71B7+1143223]&#10;	GetHandleVerifier [0x005B2B46+507814]&#10;	GetHandleVerifier [0x005B2864+507076]&#10;	GetHandleVerifier [0x005B9F47+537511]&#10;	GetHandleVerifier [0x005B3402+510050]&#10;	Ordinal0 [0x004AF29C+1110684]&#10;	Ordinal0 [0x004B938B+1151883]&#10;	Ordinal0 [0x004B94F3+1152243]&#10;	Ordinal0 [0x004B83F5+1147893]&#10;	BaseThreadInitThunk [0x76896359+25]&#10;	RtlGetAppContainerNamedObjectPath [0x77C17C24+228]&#10;	RtlGetAppContainerNamedObjectPath [0x77C17BF4+180]&#10;" type="org.openqa.selenium.SessionNotCreatedException"><![CDATA[org.openqa.selenium.SessionNotCreatedException: 
session not created: This version of ChromeDriver only supports Chrome version 79
Build info: version: '3.141.59', revision: 'e82be7d358', time: '2018-11-14T08:17:03'
System info: host: 'DESKTOP-ODFPRUL', ip: '192.168.0.6', os.name: 'Windows 10', os.arch: 'amd64', os.version: '10.0', java.version: '1.8.0_211'
Driver info: driver.version: ChromeDriver
remote stacktrace: Backtrace:
	Ordinal0 [0x0051A113+1548563]
	Ordinal0 [0x0049DDA1+1039777]
	Ordinal0 [0x0041E485+517253]
	Ordinal0 [0x003AFD34+64820]
	Ordinal0 [0x003AC61E+50718]
	Ordinal0 [0x003CB797+178071]
	Ordinal0 [0x003CB59D+177565]
	Ordinal0 [0x003C95FB+169467]
	Ordinal0 [0x003B160A+71178]
	Ordinal0 [0x003B2690+75408]
	Ordinal0 [0x003B2629+75305]
	Ordinal0 [0x004B71B7+1143223]
	GetHandleVerifier [0x005B2B46+507814]
	GetHandleVerifier [0x005B2864+507076]
	GetHandleVerifier [0x005B9F47+537511]
	GetHandleVerifier [0x005B3402+510050]
	Ordinal0 [0x004AF29C+1110684]
	Ordinal0 [0x004B938B+1151883]
	Ordinal0 [0x004B94F3+1152243]
	Ordinal0 [0x004B83F5+1147893]
	BaseThreadInitThunk [0x76896359+25]
	RtlGetAppContainerNamedObjectPath [0x77C17C24+228]
	RtlGetAppContainerNamedObjectPath [0x77C17BF4+180]

]]></error>
    <system-out><![CDATA[Starting scenario Add Employee Salary Details
Ending scenario Add Employee Salary Details
]]></system-out>
    <system-err><![CDATA[Starting ChromeDriver 79.0.3945.36 (3582db32b33893869b8c1339e8f4d9ed1816f143-refs/branch-heads/3945@{#614}) on port 30435
Only local connections are allowed.
Please protect ports used by ChromeDriver and related test frameworks to prevent access by malicious code.
]]></system-err>
  </testcase>
  <testcase name="Add Employee Salary Details" classname="Enter Salary Components" time="1.127">
    <error type="java.lang.NullPointerException"><![CDATA[java.lang.NullPointerException
]]></error>
  </testcase>
  <testcase name="Add Employee Job Details" classname="Edit Personal Details" time="1.13">
    <error message="session not created: This version of ChromeDriver only supports Chrome version 79&#10;Build info: version: &apos;3.141.59&apos;, revision: &apos;e82be7d358&apos;, time: &apos;2018-11-14T08:17:03&apos;&#10;System info: host: &apos;DESKTOP-ODFPRUL&apos;, ip: &apos;192.168.0.6&apos;, os.name: &apos;Windows 10&apos;, os.arch: &apos;amd64&apos;, os.version: &apos;10.0&apos;, java.version: &apos;1.8.0_211&apos;&#10;Driver info: driver.version: ChromeDriver&#10;remote stacktrace: Backtrace:&#10;	Ordinal0 [0x0051A113+1548563]&#10;	Ordinal0 [0x0049DDA1+1039777]&#10;	Ordinal0 [0x0041E485+517253]&#10;	Ordinal0 [0x003AFD34+64820]&#10;	Ordinal0 [0x003AC61E+50718]&#10;	Ordinal0 [0x003CB797+178071]&#10;	Ordinal0 [0x003CB59D+177565]&#10;	Ordinal0 [0x003C95FB+169467]&#10;	Ordinal0 [0x003B160A+71178]&#10;	Ordinal0 [0x003B2690+75408]&#10;	Ordinal0 [0x003B2629+75305]&#10;	Ordinal0 [0x004B71B7+1143223]&#10;	GetHandleVerifier [0x005B2B46+507814]&#10;	GetHandleVerifier [0x005B2864+507076]&#10;	GetHandleVerifier [0x005B9F47+537511]&#10;	GetHandleVerifier [0x005B3402+510050]&#10;	Ordinal0 [0x004AF29C+1110684]&#10;	Ordinal0 [0x004B938B+1151883]&#10;	Ordinal0 [0x004B94F3+1152243]&#10;	Ordinal0 [0x004B83F5+1147893]&#10;	BaseThreadInitThunk [0x76896359+25]&#10;	RtlGetAppContainerNamedObjectPath [0x77C17C24+228]&#10;	RtlGetAppContainerNamedObjectPath [0x77C17BF4+180]&#10;" type="org.openqa.selenium.SessionNotCreatedException"><![CDATA[org.openqa.selenium.SessionNotCreatedException: 
session not created: This version of ChromeDriver only supports Chrome version 79
Build info: version: '3.141.59', revision: 'e82be7d358', time: '2018-11-14T08:17:03'
System info: host: 'DESKTOP-ODFPRUL', ip: '192.168.0.6', os.name: 'Windows 10', os.arch: 'amd64', os.version: '10.0', java.version: '1.8.0_211'
Driver info: driver.version: ChromeDriver
remote stacktrace: Backtrace:
	Ordinal0 [0x0051A113+1548563]
	Ordinal0 [0x0049DDA1+1039777]
	Ordinal0 [0x0041E485+517253]
	Ordinal0 [0x003AFD34+64820]
	Ordinal0 [0x003AC61E+50718]
	Ordinal0 [0x003CB797+178071]
	Ordinal0 [0x003CB59D+177565]
	Ordinal0 [0x003C95FB+169467]
	Ordinal0 [0x003B160A+71178]
	Ordinal0 [0x003B2690+75408]
	Ordinal0 [0x003B2629+75305]
	Ordinal0 [0x004B71B7+1143223]
	GetHandleVerifier [0x005B2B46+507814]
	GetHandleVerifier [0x005B2864+507076]
	GetHandleVerifier [0x005B9F47+537511]
	GetHandleVerifier [0x005B3402+510050]
	Ordinal0 [0x004AF29C+1110684]
	Ordinal0 [0x004B938B+1151883]
	Ordinal0 [0x004B94F3+1152243]
	Ordinal0 [0x004B83F5+1147893]
	BaseThreadInitThunk [0x76896359+25]
	RtlGetAppContainerNamedObjectPath [0x77C17C24+228]
	RtlGetAppContainerNamedObjectPath [0x77C17BF4+180]

]]></error>
    <system-out><![CDATA[Starting scenario Add Employee Job Details
Ending scenario Add Employee Job Details
]]></system-out>
    <system-err><![CDATA[Starting ChromeDriver 79.0.3945.36 (3582db32b33893869b8c1339e8f4d9ed1816f143-refs/branch-heads/3945@{#614}) on port 11996
Only local connections are allowed.
Please protect ports used by ChromeDriver and related test frameworks to prevent access by malicious code.
]]></system-err>
  </testcase>
  <testcase name="Add Employee Job Details" classname="Edit Personal Details" time="1.13">
    <error type="java.lang.NullPointerException"><![CDATA[java.lang.NullPointerException
]]></error>
  </testcase>
  <testcase name="Add Employee Emergency Contact" classname="Edit Personal Details" time="1.114">
    <error message="session not created: This version of ChromeDriver only supports Chrome version 79&#10;Build info: version: &apos;3.141.59&apos;, revision: &apos;e82be7d358&apos;, time: &apos;2018-11-14T08:17:03&apos;&#10;System info: host: &apos;DESKTOP-ODFPRUL&apos;, ip: &apos;192.168.0.6&apos;, os.name: &apos;Windows 10&apos;, os.arch: &apos;amd64&apos;, os.version: &apos;10.0&apos;, java.version: &apos;1.8.0_211&apos;&#10;Driver info: driver.version: ChromeDriver&#10;remote stacktrace: Backtrace:&#10;	Ordinal0 [0x0051A113+1548563]&#10;	Ordinal0 [0x0049DDA1+1039777]&#10;	Ordinal0 [0x0041E485+517253]&#10;	Ordinal0 [0x003AFD34+64820]&#10;	Ordinal0 [0x003AC61E+50718]&#10;	Ordinal0 [0x003CB797+178071]&#10;	Ordinal0 [0x003CB59D+177565]&#10;	Ordinal0 [0x003C95FB+169467]&#10;	Ordinal0 [0x003B160A+71178]&#10;	Ordinal0 [0x003B2690+75408]&#10;	Ordinal0 [0x003B2629+75305]&#10;	Ordinal0 [0x004B71B7+1143223]&#10;	GetHandleVerifier [0x005B2B46+507814]&#10;	GetHandleVerifier [0x005B2864+507076]&#10;	GetHandleVerifier [0x005B9F47+537511]&#10;	GetHandleVerifier [0x005B3402+510050]&#10;	Ordinal0 [0x004AF29C+1110684]&#10;	Ordinal0 [0x004B938B+1151883]&#10;	Ordinal0 [0x004B94F3+1152243]&#10;	Ordinal0 [0x004B83F5+1147893]&#10;	BaseThreadInitThunk [0x76896359+25]&#10;	RtlGetAppContainerNamedObjectPath [0x77C17C24+228]&#10;	RtlGetAppContainerNamedObjectPath [0x77C17BF4+180]&#10;" type="org.openqa.selenium.SessionNotCreatedException"><![CDATA[org.openqa.selenium.SessionNotCreatedException: 
session not created: This version of ChromeDriver only supports Chrome version 79
Build info: version: '3.141.59', revision: 'e82be7d358', time: '2018-11-14T08:17:03'
System info: host: 'DESKTOP-ODFPRUL', ip: '192.168.0.6', os.name: 'Windows 10', os.arch: 'amd64', os.version: '10.0', java.version: '1.8.0_211'
Driver info: driver.version: ChromeDriver
remote stacktrace: Backtrace:
	Ordinal0 [0x0051A113+1548563]
	Ordinal0 [0x0049DDA1+1039777]
	Ordinal0 [0x0041E485+517253]
	Ordinal0 [0x003AFD34+64820]
	Ordinal0 [0x003AC61E+50718]
	Ordinal0 [0x003CB797+178071]
	Ordinal0 [0x003CB59D+177565]
	Ordinal0 [0x003C95FB+169467]
	Ordinal0 [0x003B160A+71178]
	Ordinal0 [0x003B2690+75408]
	Ordinal0 [0x003B2629+75305]
	Ordinal0 [0x004B71B7+1143223]
	GetHandleVerifier [0x005B2B46+507814]
	GetHandleVerifier [0x005B2864+507076]
	GetHandleVerifier [0x005B9F47+537511]
	GetHandleVerifier [0x005B3402+510050]
	Ordinal0 [0x004AF29C+1110684]
	Ordinal0 [0x004B938B+1151883]
	Ordinal0 [0x004B94F3+1152243]
	Ordinal0 [0x004B83F5+1147893]
	BaseThreadInitThunk [0x76896359+25]
	RtlGetAppContainerNamedObjectPath [0x77C17C24+228]
	RtlGetAppContainerNamedObjectPath [0x77C17BF4+180]

]]></error>
    <system-out><![CDATA[Starting scenario Add Employee Emergency Contact
Ending scenario Add Employee Emergency Contact
]]></system-out>
    <system-err><![CDATA[Starting ChromeDriver 79.0.3945.36 (3582db32b33893869b8c1339e8f4d9ed1816f143-refs/branch-heads/3945@{#614}) on port 15560
Only local connections are allowed.
Please protect ports used by ChromeDriver and related test frameworks to prevent access by malicious code.
]]></system-err>
  </testcase>
  <testcase name="Add Employee Emergency Contact" classname="Edit Personal Details" time="1.114">
    <error type="java.lang.NullPointerException"><![CDATA[java.lang.NullPointerException
]]></error>
  </testcase>
</testsuite>